-------------------------------------------------------------------------------
>Log Session: Wednesday, November 14, 2001 11:04:49 PM EST
>System Info: 
  Product Version       = Forte for Java, CE v. 3.0 (Build 010817)
  IDE Versioning        = IDE/1 spec=1.2.2 impl=010817
  Operating System      = Windows 2000 version 5.0 running on x86
  Java; VM; Vendor      = 1.3.1_01; Java HotSpot(TM) Client VM 1.3.1_01; Sun Microsystems Inc.
  Java Home             = C:\JDK13~1.1_0\jre
  System Locale         = en_US (f4j_ce)
  Home Dir; Current Dir = C:\Documents and Settings\Administrator; c:\forte4j\bin
  IDE Install; User Dir = C:\forte4j; c:\WalkerBros
  CLASSPATH             = C:\forte4j\lib\patches\openide-compat.jar;C:\forte4j\lib\locale\core_f4j.jar;C:\forte4j\lib\locale\core_f4j_ce.jar;C:\forte4j\lib\locale\openide_f4j.jar;C:\forte4j\lib\core.jar;C:\forte4j\lib\openide-fs.jar;C:\forte4j\lib\openide-nodes.jar;C:\forte4j\lib\openide-util.jar;C:\forte4j\lib\openide.jar;C:\forte4j\lib\ext\bsh-1_0-fj.jar;C:\forte4j\lib\ext\cmd.jar;C:\forte4j\lib\ext\cosnaming.jar;C:\forte4j\lib\ext\ddl.jar;C:\forte4j\lib\ext\fjscript.jar;C:\forte4j\lib\ext\flute.jar;C:\forte4j\lib\ext\fscontext.jar;C:\forte4j\lib\ext\idlcompilers.jar;C:\forte4j\lib\ext\jaas.jar;C:\forte4j\lib\ext\jaxp.jar;C:\forte4j\lib\ext\jh.jar;C:\forte4j\lib\ext\jndi.jar;C:\forte4j\lib\ext\ldap.jar;C:\forte4j\lib\ext\ldapbp.jar;C:\forte4j\lib\ext\logger.jar;C:\forte4j\lib\ext\nis.jar;C:\forte4j\lib\ext\openorb-1.0.2.jar;C:\forte4j\lib\ext\parser.jar;C:\forte4j\lib\ext\providerutil.jar;C:\forte4j\lib\ext\regexp.jar;C:\forte4j\lib\ext\rmi-ext.jar;C:\forte4j\lib\ext\rmiregistry.jar;C:\forte4j\lib\ext\sac.jar;C:\forte4j\lib\ext\sax2.jar;C:\forte4j\lib\ext\servlet.jar;C:\forte4j\lib\ext\xerces.jar;C:\forte4j\lib\ext\pbclient.jar;C:\forte4j\lib\ext\jdbc20x.zip;C:\forte4j\lib\ext\kenv.zip;C:\forte4j\lib\ext\ktools.zip;C:\JDK13~1.1_0\lib\dt.jar;C:\JDK13~1.1_0\lib\tools.jar
-------------------------------------------------------------------------------
-------------------------------------------------------------------------------
>Log Session: Wednesday, November 14, 2001 11:04:59 PM EST
>System Info: 
  Product Version       = Forte for Java, CE v. 3.0 (Build 010817)
  IDE Versioning        = IDE/1 spec=1.2.2 impl=010817
  Operating System      = Windows 2000 version 5.0 running on x86
  Java; VM; Vendor      = 1.3.1_01; Java HotSpot(TM) Client VM 1.3.1_01; Sun Microsystems Inc.
  Java Home             = C:\JDK13~1.1_0\jre
  System Locale         = en_US (f4j_ce)
  Home Dir; Current Dir = C:\Documents and Settings\Administrator; c:\forte4j\bin
  IDE Install; User Dir = C:\forte4j; c:\WalkerBros
  CLASSPATH             = C:\forte4j\lib\patches\openide-compat.jar;C:\forte4j\lib\locale\core_f4j.jar;C:\forte4j\lib\locale\core_f4j_ce.jar;C:\forte4j\lib\locale\openide_f4j.jar;C:\forte4j\lib\core.jar;C:\forte4j\lib\openide-fs.jar;C:\forte4j\lib\openide-nodes.jar;C:\forte4j\lib\openide-util.jar;C:\forte4j\lib\openide.jar;C:\forte4j\lib\ext\bsh-1_0-fj.jar;C:\forte4j\lib\ext\cmd.jar;C:\forte4j\lib\ext\cosnaming.jar;C:\forte4j\lib\ext\ddl.jar;C:\forte4j\lib\ext\fjscript.jar;C:\forte4j\lib\ext\flute.jar;C:\forte4j\lib\ext\fscontext.jar;C:\forte4j\lib\ext\idlcompilers.jar;C:\forte4j\lib\ext\jaas.jar;C:\forte4j\lib\ext\jaxp.jar;C:\forte4j\lib\ext\jh.jar;C:\forte4j\lib\ext\jndi.jar;C:\forte4j\lib\ext\ldap.jar;C:\forte4j\lib\ext\ldapbp.jar;C:\forte4j\lib\ext\logger.jar;C:\forte4j\lib\ext\nis.jar;C:\forte4j\lib\ext\openorb-1.0.2.jar;C:\forte4j\lib\ext\parser.jar;C:\forte4j\lib\ext\providerutil.jar;C:\forte4j\lib\ext\regexp.jar;C:\forte4j\lib\ext\rmi-ext.jar;C:\forte4j\lib\ext\rmiregistry.jar;C:\forte4j\lib\ext\sac.jar;C:\forte4j\lib\ext\sax2.jar;C:\forte4j\lib\ext\servlet.jar;C:\forte4j\lib\ext\xerces.jar;C:\forte4j\lib\ext\pbclient.jar;C:\forte4j\lib\ext\jdbc20x.zip;C:\forte4j\lib\ext\kenv.zip;C:\forte4j\lib\ext\ktools.zip;C:\JDK13~1.1_0\lib\dt.jar;C:\JDK13~1.1_0\lib\tools.jar
-------------------------------------------------------------------------------
